<?xml version="1.0" encoding="UTF-8"?>
<!-- Generated by org.testng.reporters.JUnitReportReporter -->
<testsuite hostname="DESKTOP-086B080" failures="0" tests="1" name="inventoryTests.AddProductToCartTest" time="36.881" errors="0" timestamp="2025-01-03T19:21:24 IST" skipped="0">
  <testcase classname="inventoryTests.AddProductToCartTest" name="tc_001_AddToCartTest" time="36.881"/>
  <system-out/>
</testsuite> <!-- inventoryTests.AddProductToCartTest -->
