<?xml version="1.0" encoding="UTF-8"?>
<!-- Generated by org.testng.reporters.JUnitReportReporter -->
<testsuite hostname="DESKTOP-086B080" failures="0" tests="9" name="practice.TestNGPractice" time="0.026" errors="0" timestamp="2024-12-25T23:55:02 IST" skipped="1">
  <testcase classname="practice.TestNGPractice" name="addProduct" time="0.002"/>
  <system-out/>
  <testcase classname="practice.TestNGPractice" name="addProduct" time="0.002"/>
  <system-out/>
  <testcase classname="practice.TestNGPractice" name="addProduct" time="0.011"/>
  <system-out/>
  <testcase classname="practice.TestNGPractice" name="hello" time="0.002"/>
  <system-out/>
  <testcase classname="practice.TestNGPractice" name="sampleTest" time="0.003"/>
  <system-out/>
  <testcase classname="practice.TestNGPractice" name="sampleTest" time="0.002"/>
  <system-out/>
  <testcase classname="practice.TestNGPractice" name="sampleTest" time="0.002"/>
  <system-out/>
  <testcase classname="practice.TestNGPractice" name="demo" time="0.002"/>
  <system-out/>
  <testcase classname="practice.TestNGPractice" name="hi">
    <skipped/>
  </testcase> <!-- hi -->
  <system-out/>
</testsuite> <!-- practice.TestNGPractice -->
